<?xml version="1.0" encoding="UTF-8"?>
<testsuite xmlns:xsi="http://www.w3.org/2001/XMLSchema-instance" xsi:noNamespaceSchemaLocation="https://maven.apache.org/surefire/maven-surefire-plugin/xsd/surefire-test-report-3.0.xsd" version="3.0" name="com.thanhpro0703.SamNgocLinhPJ.SamNgocLinhPjApplicationTests" time="8.239" tests="1" errors="0" skipped="0" failures="0">
  <properties>
[...]
</properties>
  <testcase name="contextLoads" classname="com.thanhpro0703.SamNgocLinhPJ.SamNgocLinhPjApplicationTests" time="0.575">
    <system-out><![CDATA[18:36:45.260 [main] INFO org.springframework.test.context.support.AnnotationConfigContextLoaderUtils -- Could not detect default configuration classes for test class [com.thanhpro0703.SamNgocLinhPJ.SamNgocLinhPjApplicationTests]: SamNgocLinhPjApplicationTests does not declare any static, non-private, non-final, nested classes annotated with @Configuration.
18:36:45.416 [main] INFO org.springframework.boot.test.context.SpringBootTestContextBootstrapper -- Found @SpringBootConfiguration com.thanhpro0703.SamNgocLinhPJ.SamNgocLinhPjApplication for test class com.thanhpro0703.SamNgocLinhPJ.SamNgocLinhPjApplicationTests

  .   ____          _            __ _ _
 /\\ / ___'_ __ _ _(_)_ __  __ _ \ \ \ \
( ( )\___ | '_ | '_| | '_ \/ _` | \ \ \ \
 \\/  ___)| |_)| | | | | || (_| |  ) ) ) )
  '  |____| .__|_| |_|_| |_\__, | / / / /
 =========|_|==============|___/=/_/_/_/
 :: Spring Boot ::                (v3.2.3)

2025-04-07T18:36:45.955+07:00  INFO 11620 --- [SamNgocLinhPJ] [           main] c.t.S.SamNgocLinhPjApplicationTests      : Starting SamNgocLinhPjApplicationTests using Java 21.0.6 with PID 11620 (started by Admin in C:\Users\Admin\Downloads\SamNgocLinhPJ\SamNgocLinhPJ)
2025-04-07T18:36:45.958+07:00  INFO 11620 --- [SamNgocLinhPJ] [           main] c.t.S.SamNgocLinhPjApplicationTests      : No active profile set, falling back to 1 default profile: "default"
2025-04-07T18:36:46.937+07:00  INFO 11620 --- [SamNgocLinhPJ] [           main] .s.d.r.c.RepositoryConfigurationDelegate : Bootstrapping Spring Data JPA repositories in DEFAULT mode.
2025-04-07T18:36:47.055+07:00  INFO 11620 --- [SamNgocLinhPJ] [           main] .s.d.r.c.RepositoryConfigurationDelegate : Finished Spring Data repository scanning in 104 ms. Found 11 JPA repository interfaces.
2025-04-07T18:36:47.854+07:00  INFO 11620 --- [SamNgocLinhPJ] [           main] o.hibernate.jpa.internal.util.LogHelper  : HHH000204: Processing PersistenceUnitInfo [name: default]
2025-04-07T18:36:48.010+07:00  INFO 11620 --- [SamNgocLinhPJ] [           main] org.hibernate.Version                    : HHH000412: Hibernate ORM core version 6.4.4.Final
2025-04-07T18:36:48.068+07:00  INFO 11620 --- [SamNgocLinhPJ] [           main] o.h.c.internal.RegionFactoryInitiator    : HHH000026: Second-level cache disabled
2025-04-07T18:36:48.423+07:00  INFO 11620 --- [SamNgocLinhPJ] [           main] o.s.o.j.p.SpringPersistenceUnitInfo      : No LoadTimeWeaver setup: ignoring JPA class transformer
2025-04-07T18:36:48.464+07:00  INFO 11620 --- [SamNgocLinhPJ] [           main] com.zaxxer.hikari.HikariDataSource       : HikariPool-1 - Starting...
2025-04-07T18:36:48.703+07:00  INFO 11620 --- [SamNgocLinhPJ] [           main] com.zaxxer.hikari.pool.HikariPool        : HikariPool-1 - Added connection com.mysql.cj.jdbc.ConnectionImpl@45b96e4c
2025-04-07T18:36:48.705+07:00  INFO 11620 --- [SamNgocLinhPJ] [           main] com.zaxxer.hikari.HikariDataSource       : HikariPool-1 - Start completed.
2025-04-07T18:36:48.760+07:00  WARN 11620 --- [SamNgocLinhPJ] [           main] org.hibernate.dialect.Dialect            : HHH000511: The 5.5.0 version for [org.hibernate.dialect.MySQLDialect] is no longer supported, hence certain features may not work properly. The minimum supported version is 8.0.0. Check the community dialects project for available legacy versions.
2025-04-07T18:36:48.766+07:00  WARN 11620 --- [SamNgocLinhPJ] [           main] org.hibernate.orm.deprecation            : HHH90000025: MySQLDialect does not need to be specified explicitly using 'hibernate.dialect' (remove the property setting and it will be selected by default)
2025-04-07T18:36:50.134+07:00  INFO 11620 --- [SamNgocLinhPJ] [           main] o.h.e.t.j.p.i.JtaPlatformInitiator       : HHH000489: No JTA platform available (set 'hibernate.transaction.jta.platform' to enable JTA platform integration)
2025-04-07T18:36:50.292+07:00  INFO 11620 --- [SamNgocLinhPJ] [           main] j.LocalContainerEntityManagerFactoryBean : Initialized JPA EntityManagerFactory for persistence unit 'default'
2025-04-07T18:36:50.718+07:00  INFO 11620 --- [SamNgocLinhPJ] [           main] o.s.d.j.r.query.QueryEnhancerFactory     : Hibernate is in classpath; If applicable, HQL parser will be used.
2025-04-07T18:36:51.727+07:00  WARN 11620 --- [SamNgocLinhPJ] [           main] JpaBaseConfiguration$JpaWebConfiguration : spring.jpa.open-in-view is enabled by default. Therefore, database queries may be performed during view rendering. Explicitly configure spring.jpa.open-in-view to disable this warning
2025-04-07T18:36:51.768+07:00  WARN 11620 --- [SamNgocLinhPJ] [           main] .s.s.UserDetailsServiceAutoConfiguration : 

Using generated security password: 3b76e86e-6ce3-4e61-a5f0-49bdc2dde9f7

This generated password is for development use only. Your security configuration must be updated before running your application in production.

2025-04-07T18:36:52.212+07:00  INFO 11620 --- [SamNgocLinhPJ] [           main] o.s.s.web.DefaultSecurityFilterChain     : Will secure any request with [org.springframework.security.web.session.DisableEncodeUrlFilter@62509b77, org.springframework.security.web.context.request.async.WebAsyncManagerIntegrationFilter@400c0d26, org.springframework.security.web.context.SecurityContextHolderFilter@5bf41334, org.springframework.security.web.header.HeaderWriterFilter@51989b17, org.springframework.web.filter.CorsFilter@1b261005, org.springframework.security.web.authentication.logout.LogoutFilter@a632ae0, org.springframework.security.web.savedrequest.RequestCacheAwareFilter@750afe12, org.springframework.security.web.servletapi.SecurityContextHolderAwareRequestFilter@4788c0a1, org.springframework.security.web.authentication.AnonymousAuthenticationFilter@339de67e, org.springframework.security.web.access.ExceptionTranslationFilter@6fa73db5, org.springframework.security.web.access.intercept.AuthorizationFilter@4a9d0c6f]
2025-04-07T18:36:52.668+07:00  INFO 11620 --- [SamNgocLinhPJ] [           main] c.t.S.SamNgocLinhPjApplicationTests      : Started SamNgocLinhPjApplicationTests in 7.033 seconds (process running for 8.222)
]]></system-out>
    <system-err><![CDATA[WARNING: A Java agent has been loaded dynamically (C:\Users\Admin\.m2\repository\net\bytebuddy\byte-buddy-agent\1.14.12\byte-buddy-agent-1.14.12.jar)
WARNING: If a serviceability tool is in use, please run with -XX:+EnableDynamicAgentLoading to hide this warning
WARNING: If a serviceability tool is not in use, please run with -Djdk.instrument.traceUsage for more information
WARNING: Dynamic loading of agents will be disallowed by default in a future release
]]></system-err>
  </testcase>
</testsuite>